Release 13.3 Map O.76xd (nt64)
Xilinx Mapping Report File for Design 'top'

Design Information
------------------
Command Line   : map -intstyle ise -p xc6slx25-ftg256-3 -w -logic_opt off -ol
high -t 1 -xt 0 -register_duplication off -r 4 -global_opt off -mt off -ir off
-pr off -lc off -power off -o top_map.ncd top.ngd top.pcf 
Target Device  : xc6slx25
Target Package : ftg256
Target Speed   : -3
Mapper Version : spartan6 -- $Revision: 1.55 $
Mapped Date    : Mon Aug 22 12:12:38 2016

Design Summary
--------------
Number of errors:      0
Number of warnings:   16
Slice Logic Utilization:
  Number of Slice Registers:                   612 out of  30,064    2%
    Number used as Flip Flops:                 610
    Number used as Latches:                      2
    Number used as Latch-thrus:                  0
    Number used as AND/OR logics:                0
  Number of Slice LUTs:                        599 out of  15,032    3%
    Number used as logic:                      549 out of  15,032    3%
      Number using O6 output only:             315
      Number using O5 output only:              90
      Number using O5 and O6:                  144
      Number used as ROM:                        0
    Number used as Memory:                       2 out of   3,664    1%
      Number used as Dual Port RAM:              0
      Number used as Single Port RAM:            0
      Number used as Shift Register:             2
        Number using O6 output only:             2
        Number using O5 output only:             0
        Number using O5 and O6:                  0
    Number used exclusively as route-thrus:     48
      Number with same-slice register load:     40
      Number with same-slice carry load:         8
      Number with other load:                    0

Slice Logic Distribution:
  Number of occupied Slices:                   277 out of   3,758    7%
  Nummber of MUXCYs used:                      184 out of   7,516    2%
  Number of LUT Flip Flop pairs used:          713
    Number with an unused Flip Flop:           204 out of     713   28%
    Number with an unused LUT:                 114 out of     713   15%
    Number of fully used LUT-FF pairs:         395 out of     713   55%
    Number of unique control sets:              55
    Number of slice register sites lost
      to control set restrictions:             234 out of  30,064    1%

  A LUT Flip Flop pair for this architecture represents one LUT paired with
  one Flip Flop within a slice.  A control set is a unique combination of
  clock, reset, set, and enable signals for a registered element.
  The Slice Logic Distribution report is not meaningful if the design is
  over-mapped for a non-slice resource or if Placement fails.

IO Utilization:
  Number of bonded IOBs:                        74 out of     186   39%
    Number of LOCed IOBs:                       70 out of      74   94%
    IOB Flip Flops:                              3
    IOB Latches:                                 5
    IOB Master Pads:                             4
    IOB Slave Pads:                              4

Specific Feature Utilization:
  Number of RAMB16BWERs:                         0 out of      52    0%
  Number of RAMB8BWERs:                          2 out of     104    1%
  Number of BUFIO2/BUFIO2_2CLKs:                 1 out of      32    3%
    Number used as BUFIO2s:                      1
    Number used as BUFIO2_2CLKs:                 0
  Number of BUFIO2FB/BUFIO2FB_2CLKs:             1 out of      32    3%
    Number used as BUFIO2FBs:                    1
    Number used as BUFIO2FB_2CLKs:               0
  Number of BUFG/BUFGMUXs:                      10 out of      16   62%
    Number used as BUFGs:                       10
    Number used as BUFGMUX:                      0
  Number of DCM/DCM_CLKGENs:                     1 out of       4   25%
    Number used as DCMs:                         1
    Number used as DCM_CLKGENs:                  0
  Number of ILOGIC2/ISERDES2s:                   0 out of     272    0%
  Number of IODELAY2/IODRP2/IODRP2_MCBs:         0 out of     272    0%
  Number of OLOGIC2/OSERDES2s:                   8 out of     272    2%
    Number used as OLOGIC2s:                     8
    Number used as OSERDES2s:                    0
  Number of BSCANs:                              0 out of       4    0%
  Number of BUFHs:                               0 out of     160    0%
  Number of BUFPLLs:                             0 out of       8    0%
  Number of BUFPLL_MCBs:                         0 out of       4    0%
  Number of DSP48A1s:                            0 out of      38    0%
  Number of ICAPs:                               0 out of       1    0%
  Number of MCBs:                                0 out of       2    0%
  Number of PCILOGICSEs:                         0 out of       2    0%
  Number of PLL_ADVs:                            2 out of       2  100%
  Number of PMVs:                                0 out of       1    0%
  Number of STARTUPs:                            0 out of       1    0%
  Number of SUSPEND_SYNCs:                       0 out of       1    0%

Average Fanout of Non-Clock Nets:                3.36

Peak Memory Usage:  382 MB
Total REAL time to MAP completion:  25 secs 
Total CPU time to MAP completion:   25 secs 

Table of Contents
-----------------
Section 1 - Errors
Section 2 - Warnings
Section 3 - Informational
Section 4 - Removed Logic Summary
Section 5 - Removed Logic
Section 6 - IOB Properties
Section 7 - RPMs
Section 8 - Guide Report
Section 9 - Area Group and Partition Summary
Section 10 - Timing Report
Section 11 - Configuration String Information
Section 12 - Control Set Information
Section 13 - Utilization by Hierarchy

Section 1 - Errors
------------------

Section 2 - Warnings
--------------------
WARNING:Security:42 - Your software subscription period has lapsed. Your current
version of Xilinx tools will continue to function, but you no longer qualify for
Xilinx software updates or new releases.
WARNING:MapLib:701 - Signal INT_TIME2 connected to top level port INT_TIME2 has
   been removed.
WARNING:MapLib:701 - Signal INT_TIME3 connected to top level port INT_TIME3 has
   been removed.
WARNING:PhysDesignRules:372 - Gated clock. Clock net
   LUPA300/REG_CONFIG/_n0103<7> is sourced by a combinatorial pin. This is not
   good design practice. Use the CE pin to control the loading of data into the
   flip-flop.
WARNING:PhysDesignRules:372 - Gated clock. Clock net
   LUPA300/REG_CONFIG/_n0103<4> is sourced by a combinatorial pin. This is not
   good design practice. Use the CE pin to control the loading of data into the
   flip-flop.
WARNING:PhysDesignRules:372 - Gated clock. Clock net
   LUPA300/REG_CONFIG/_n0103<3> is sourced by a combinatorial pin. This is not
   good design practice. Use the CE pin to control the loading of data into the
   flip-flop.
WARNING:PhysDesignRules:372 - Gated clock. Clock net
   LUPA300/REG_CONFIG/_n0103<6> is sourced by a combinatorial pin. This is not
   good design practice. Use the CE pin to control the loading of data into the
   flip-flop.
WARNING:PhysDesignRules:372 - Gated clock. Clock net
   LUPA300/REG_CONFIG/_n0103<5> is sourced by a combinatorial pin. This is not
   good design practice. Use the CE pin to control the loading of data into the
   flip-flop.
WARNING:PhysDesignRules:781 - PULLUP on an active net. PULLUP of comp
   TMDS_POSITIVE<0>_PULLUP is set but the tri state is not configured. 
WARNING:PhysDesignRules:781 - PULLUP on an active net. PULLUP of comp
   TMDS_POSITIVE<1>_PULLUP is set but the tri state is not configured. 
WARNING:PhysDesignRules:781 - PULLUP on an active net. PULLUP of comp
   TMDS_POSITIVE<2>_PULLUP is set but the tri state is not configured. 
WARNING:PhysDesignRules:781 - PULLUP on an active net. PULLUP of comp
   TMDS_CLOCK_P_PULLUP is set but the tri state is not configured. 
WARNING:PhysDesignRules:2410 - This design is using one or more 9K Block RAMs
   (RAMB8BWER).  9K Block RAM initialization data, both user defined and
   default, may be incorrect and should not be used.  For more information,
   please reference Xilinx Answer Record 39999.
WARNING:PhysDesignRules:1863 - Unexpected differential configuration for comp
   TMDS_POSITIVE<0>. The HDMI_PORT2/mBLUE/OBUFDS buffer is programmed as a true
   differential. Adding a pullup, pulldown, or keeper to a differential IO can
   create signal integrity problems and can violate specifications.
WARNING:PhysDesignRules:1863 - Unexpected differential configuration for comp
   TMDS_POSITIVE<1>. The HDMI_PORT2/mGREEN/OBUFDS buffer is programmed as a true
   differential. Adding a pullup, pulldown, or keeper to a differential IO can
   create signal integrity problems and can violate specifications.
WARNING:PhysDesignRules:1863 - Unexpected differential configuration for comp
   TMDS_POSITIVE<2>. The HDMI_PORT2/mRED/OBUFDS buffer is programmed as a true
   differential. Adding a pullup, pulldown, or keeper to a differential IO can
   create signal integrity problems and can violate specifications.
WARNING:PhysDesignRules:1863 - Unexpected differential configuration for comp
   TMDS_CLOCK_P. The HDMI_PORT2/mCLOCK/OBUFDS buffer is programmed as a true
   differential. Adding a pullup, pulldown, or keeper to a differential IO can
   create signal integrity problems and can violate specifications.

Section 3 - Informational
-------------------------
INFO:Security:54 - 'xc6slx25' is a WebPack part.
INFO:LIT:243 - Logical network DATA_IMAGE<1>_IBUF has no load.
INFO:LIT:395 - The above info message is repeated 41 more times for the
   following (max. 5 shown):
   DATA_IMAGE<0>_IBUF,
   SDRAMIF/RD_PING/dout<7>,
   SDRAMIF/RD_PING/dout<6>,
   SDRAMIF/RD_PING/dout<5>,
   SDRAMIF/RD_PING/dout<4>
   To see the details of these info messages, please use the -detail switch.
INFO:MapLib:562 - No environment variables are currently set.
INFO:LIT:244 - All of the single ended outputs in this design are using slew
   rate limited output drivers. The delay on speed critical single ended outputs
   can be dramatically reduced by designating them as fast outputs.
INFO:Pack:1716 - Initializing temperature to 85.000 Celsius. (default - Range:
   0.000 to 85.000 Celsius)
INFO:Pack:1720 - Initializing voltage to 1.140 Volts. (default - Range: 1.140 to
   1.260 Volts)
INFO:Map:215 - The Interim Design Summary has been generated in the MAP Report
   (.mrp).
INFO:Pack:1650 - Map created a placed design.
INFO:PhysDesignRules:1861 - To achieve optimal frequency synthesis performance
   with the CLKFX and CLKFX180 outputs of the DCM comp ISCM/dcm_sp_inst, consult
   the device Data Sheet.

Section 4 - Removed Logic Summary
---------------------------------
  96 block(s) removed
   6 block(s) optimized away
 102 signal(s) removed

Section 5 - Removed Logic
-------------------------

The trimmed logic report below shows the logic removed from your design due to
sourceless or loadless signals, and VCC or ground connections.  If the removal
of a signal or symbol results in the subsequent removal of an additional signal
or symbol, the message explaining that second removal will be indented.  This
indentation will be repeated as a chain of related logic is removed.

To quickly locate the original cause for the removal of a chain of logic, look
above the place where that logic is listed in the trimming report, then locate
the lines that are least indented (begin at the leftmost edge).

The signal "SDRAMIF/RD_PING/dout<7>" is sourceless and has been removed.
The signal "SDRAMIF/RD_PING/dout<6>" is sourceless and has been removed.
The signal "SDRAMIF/RD_PING/dout<5>" is sourceless and has been removed.
The signal "SDRAMIF/RD_PING/dout<4>" is sourceless and has been removed.
The signal "SDRAMIF/RD_PING/dout<3>" is sourceless and has been removed.
The signal "SDRAMIF/RD_PING/dout<2>" is sourceless and has been removed.
The signal "SDRAMIF/RD_PING/dout<1>" is sourceless and has been removed.
The signal "SDRAMIF/RD_PING/dout<0>" is sourceless and has been removed.
The signal
"SDRAMIF/RD_PING/U0/xst_fifo_generator/gconvfifo.rf/grf.rf/gntv_or_sync_fifo.gl0
.rd/gras.grdc1.rdc/rd_dc_i<7>" is sourceless and has been removed.
The signal
"SDRAMIF/RD_PING/U0/xst_fifo_generator/gconvfifo.rf/grf.rf/gntv_or_sync_fifo.gl0
.rd/gras.grdc1.rdc/rd_dc_i<6>" is sourceless and has been removed.
The signal
"SDRAMIF/RD_PING/U0/xst_fifo_generator/gconvfifo.rf/grf.rf/gntv_or_sync_fifo.gl0
.rd/gras.grdc1.rdc/rd_dc_i<5>" is sourceless and has been removed.
The signal
"SDRAMIF/RD_PING/U0/xst_fifo_generator/gconvfifo.rf/grf.rf/gntv_or_sync_fifo.gl0
.rd/gras.grdc1.rdc/rd_dc_i<4>" is sourceless and has been removed.
The signal
"SDRAMIF/RD_PING/U0/xst_fifo_generator/gconvfifo.rf/grf.rf/gntv_or_sync_fifo.gl0
.rd/gras.grdc1.rdc/rd_dc_i<3>" is sourceless and has been removed.
The signal
"SDRAMIF/RD_PING/U0/xst_fifo_generator/gconvfifo.rf/grf.rf/gntv_or_sync_fifo.gl0
.rd/gras.grdc1.rdc/rd_dc_i<2>" is sourceless and has been removed.
The signal
"SDRAMIF/RD_PING/U0/xst_fifo_generator/gconvfifo.rf/grf.rf/gntv_or_sync_fifo.gl0
.rd/gras.grdc1.rdc/rd_dc_i<1>" is sourceless and has been removed.
The signal
"SDRAMIF/RD_PING/U0/xst_fifo_generator/gconvfifo.rf/grf.rf/gntv_or_sync_fifo.gl0
.rd/gras.grdc1.rdc/rd_dc_i<0>" is sourceless and has been removed.
The signal
"SDRAMIF/RD_PING/U0/xst_fifo_generator/gconvfifo.rf/grf.rf/gntv_or_sync_fifo.gl0
.wr/gwas.gwdc0.wdc/wr_data_count_i<7>" is sourceless and has been removed.
The signal
"SDRAMIF/RD_PING/U0/xst_fifo_generator/gconvfifo.rf/grf.rf/gntv_or_sync_fifo.gl0
.wr/gwas.gwdc0.wdc/wr_data_count_i<4>" is sourceless and has been removed.
The signal
"SDRAMIF/RD_PING/U0/xst_fifo_generator/gconvfifo.rf/grf.rf/gntv_or_sync_fifo.gl0
.wr/gwas.gwdc0.wdc/wr_data_count_i<3>" is sourceless and has been removed.
The signal
"SDRAMIF/RD_PING/U0/xst_fifo_generator/gconvfifo.rf/grf.rf/gntv_or_sync_fifo.gl0
.wr/gwas.gwdc0.wdc/wr_data_count_i<2>" is sourceless and has been removed.
The signal
"SDRAMIF/RD_PING/U0/xst_fifo_generator/gconvfifo.rf/grf.rf/gntv_or_sync_fifo.gl0
.wr/gwas.gwdc0.wdc/wr_data_count_i<1>" is sourceless and has been removed.
The signal
"SDRAMIF/RD_PING/U0/xst_fifo_generator/gconvfifo.rf/grf.rf/gntv_or_sync_fifo.gl0
.wr/gwas.gwdc0.wdc/wr_data_count_i<0>" is sourceless and has been removed.
The signal
"SDRAMIF/RD_PING/U0/xst_fifo_generator/gconvfifo.rf/grf.rf/gntv_or_sync_fifo.gl0
.wr/gwas.wsts/ram_full_i" is sourceless and has been removed.
The signal
"SDRAMIF/RD_PING/U0/xst_fifo_generator/gconvfifo.rf/grf.rf/gntv_or_sync_fifo.gl0
.rd/gras.rsts/ram_empty_i" is sourceless and has been removed.
The signal
"SDRAMIF/RD_PING/U0/xst_fifo_generator/gconvfifo.rf/grf.rf/gntv_or_sync_fifo.gl0
.rd/gras.grdc1.rdc/Msub_GND_186_o_GND_186_o_sub_2_OUT<7:0>_cy<6>" is sourceless
and has been removed.
 Sourceless block
"SDRAMIF/RD_PING/U0/xst_fifo_generator/gconvfifo.rf/grf.rf/gntv_or_sync_fifo.gl0
.rd/gras.grdc1.rdc/Msub_GND_186_o_GND_186_o_sub_2_OUT<7:0>_xor<7>" (XOR)
removed.
  The signal
"SDRAMIF/RD_PING/U0/xst_fifo_generator/gconvfifo.rf/grf.rf/gntv_or_sync_fifo.gl0
.rd/gras.grdc1.rdc/GND_186_o_GND_186_o_sub_2_OUT<7>" is sourceless and has been
removed.
   Sourceless block
"SDRAMIF/RD_PING/U0/xst_fifo_generator/gconvfifo.rf/grf.rf/gntv_or_sync_fifo.gl0
.rd/gras.grdc1.rdc/rd_dc_i_7" (FF) removed.
The signal
"SDRAMIF/RD_PING/U0/xst_fifo_generator/gconvfifo.rf/grf.rf/gntv_or_sync_fifo.gl0
.rd/gras.grdc1.rdc/Msub_GND_186_o_GND_186_o_sub_2_OUT<7:0>_lut<7>" is sourceless
and has been removed.
The signal
"SDRAMIF/RD_PING/U0/xst_fifo_generator/gconvfifo.rf/grf.rf/gntv_or_sync_fifo.gl0
.rd/gras.grdc1.rdc/Msub_GND_186_o_GND_186_o_sub_2_OUT<7:0>_cy<5>" is sourceless
and has been removed.
 Sourceless block
"SDRAMIF/RD_PING/U0/xst_fifo_generator/gconvfifo.rf/grf.rf/gntv_or_sync_fifo.gl0
.rd/gras.grdc1.rdc/Msub_GND_186_o_GND_186_o_sub_2_OUT<7:0>_xor<6>" (XOR)
removed.
  The signal
"SDRAMIF/RD_PING/U0/xst_fifo_generator/gconvfifo.rf/grf.rf/gntv_or_sync_fifo.gl0
.rd/gras.grdc1.rdc/GND_186_o_GND_186_o_sub_2_OUT<6>" is sourceless and has been
removed.
   Sourceless block
"SDRAMIF/RD_PING/U0/xst_fifo_generator/gconvfifo.rf/grf.rf/gntv_or_sync_fifo.gl0
.rd/gras.grdc1.rdc/rd_dc_i_6" (FF) removed.
 Sourceless block
"SDRAMIF/RD_PING/U0/xst_fifo_generator/gconvfifo.rf/grf.rf/gntv_or_sync_fifo.gl0
.rd/gras.grdc1.rdc/Msub_GND_186_o_GND_186_o_sub_2_OUT<7:0>_cy<6>" (MUX) removed.
The signal
"SDRAMIF/RD_PING/U0/xst_fifo_generator/gconvfifo.rf/grf.rf/gntv_or_sync_fifo.gl0
.rd/gras.grdc1.rdc/Msub_GND_186_o_GND_186_o_sub_2_OUT<7:0>_lut<6>" is sourceless
and has been removed.
The signal
"SDRAMIF/RD_PING/U0/xst_fifo_generator/gconvfifo.rf/grf.rf/gntv_or_sync_fifo.gl0
.rd/gras.grdc1.rdc/Msub_GND_186_o_GND_186_o_sub_2_OUT<7:0>_cy<4>" is sourceless
and has been removed.
 Sourceless block
"SDRAMIF/RD_PING/U0/xst_fifo_generator/gconvfifo.rf/grf.rf/gntv_or_sync_fifo.gl0
.rd/gras.grdc1.rdc/Msub_GND_186_o_GND_186_o_sub_2_OUT<7:0>_xor<5>" (XOR)
removed.
  The signal
"SDRAMIF/RD_PING/U0/xst_fifo_generator/gconvfifo.rf/grf.rf/gntv_or_sync_fifo.gl0
.rd/gras.grdc1.rdc/GND_186_o_GND_186_o_sub_2_OUT<5>" is sourceless and has been
removed.
   Sourceless block
"SDRAMIF/RD_PING/U0/xst_fifo_generator/gconvfifo.rf/grf.rf/gntv_or_sync_fifo.gl0
.rd/gras.grdc1.rdc/rd_dc_i_5" (FF) removed.
 Sourceless block
"SDRAMIF/RD_PING/U0/xst_fifo_generator/gconvfifo.rf/grf.rf/gntv_or_sync_fifo.gl0
.rd/gras.grdc1.rdc/Msub_GND_186_o_GND_186_o_sub_2_OUT<7:0>_cy<5>" (MUX) removed.
The signal
"SDRAMIF/RD_PING/U0/xst_fifo_generator/gconvfifo.rf/grf.rf/gntv_or_sync_fifo.gl0
.rd/gras.grdc1.rdc/Msub_GND_186_o_GND_186_o_sub_2_OUT<7:0>_lut<5>" is sourceless
and has been removed.
The signal
"SDRAMIF/RD_PING/U0/xst_fifo_generator/gconvfifo.rf/grf.rf/gntv_or_sync_fifo.gl0
.rd/gras.grdc1.rdc/Msub_GND_186_o_GND_186_o_sub_2_OUT<7:0>_cy<3>" is sourceless
and has been removed.
 Sourceless block
"SDRAMIF/RD_PING/U0/xst_fifo_generator/gconvfifo.rf/grf.rf/gntv_or_sync_fifo.gl0
.rd/gras.grdc1.rdc/Msub_GND_186_o_GND_186_o_sub_2_OUT<7:0>_xor<4>" (XOR)
removed.
  The signal
"SDRAMIF/RD_PING/U0/xst_fifo_generator/gconvfifo.rf/grf.rf/gntv_or_sync_fifo.gl0
.rd/gras.grdc1.rdc/GND_186_o_GND_186_o_sub_2_OUT<4>" is sourceless and has been
removed.
   Sourceless block
"SDRAMIF/RD_PING/U0/xst_fifo_generator/gconvfifo.rf/grf.rf/gntv_or_sync_fifo.gl0
.rd/gras.grdc1.rdc/rd_dc_i_4" (FF) removed.
 Sourceless block
"SDRAMIF/RD_PING/U0/xst_fifo_generator/gconvfifo.rf/grf.rf/gntv_or_sync_fifo.gl0
.rd/gras.grdc1.rdc/Msub_GND_186_o_GND_186_o_sub_2_OUT<7:0>_cy<4>" (MUX) removed.
The signal
"SDRAMIF/RD_PING/U0/xst_fifo_generator/gconvfifo.rf/grf.rf/gntv_or_sync_fifo.gl0
.rd/gras.grdc1.rdc/Msub_GND_186_o_GND_186_o_sub_2_OUT<7:0>_lut<4>" is sourceless
and has been removed.
The signal
"SDRAMIF/RD_PING/U0/xst_fifo_generator/gconvfifo.rf/grf.rf/gntv_or_sync_fifo.gl0
.rd/gras.grdc1.rdc/Msub_GND_186_o_GND_186_o_sub_2_OUT<7:0>_cy<2>" is sourceless
and has been removed.
 Sourceless block
"SDRAMIF/RD_PING/U0/xst_fifo_generator/gconvfifo.rf/grf.rf/gntv_or_sync_fifo.gl0
.rd/gras.grdc1.rdc/Msub_GND_186_o_GND_186_o_sub_2_OUT<7:0>_xor<3>" (XOR)
removed.
  The signal
"SDRAMIF/RD_PING/U0/xst_fifo_generator/gconvfifo.rf/grf.rf/gntv_or_sync_fifo.gl0
.rd/gras.grdc1.rdc/GND_186_o_GND_186_o_sub_2_OUT<3>" is sourceless and has been
removed.
   Sourceless block
"SDRAMIF/RD_PING/U0/xst_fifo_generator/gconvfifo.rf/grf.rf/gntv_or_sync_fifo.gl0
.rd/gras.grdc1.rdc/rd_dc_i_3" (FF) removed.
 Sourceless block
"SDRAMIF/RD_PING/U0/xst_fifo_generator/gconvfifo.rf/grf.rf/gntv_or_sync_fifo.gl0
.rd/gras.grdc1.rdc/Msub_GND_186_o_GND_186_o_sub_2_OUT<7:0>_cy<3>" (MUX) removed.
The signal
"SDRAMIF/RD_PING/U0/xst_fifo_generator/gconvfifo.rf/grf.rf/gntv_or_sync_fifo.gl0
.rd/gras.grdc1.rdc/Msub_GND_186_o_GND_186_o_sub_2_OUT<7:0>_lut<3>" is sourceless
and has been removed.
The signal
"SDRAMIF/RD_PING/U0/xst_fifo_generator/gconvfifo.rf/grf.rf/gntv_or_sync_fifo.gl0
.rd/gras.grdc1.rdc/Msub_GND_186_o_GND_186_o_sub_2_OUT<7:0>_cy<1>" is sourceless
and has been removed.
 Sourceless block
"SDRAMIF/RD_PING/U0/xst_fifo_generator/gconvfifo.rf/grf.rf/gntv_or_sync_fifo.gl0
.rd/gras.grdc1.rdc/Msub_GND_186_o_GND_186_o_sub_2_OUT<7:0>_xor<2>" (XOR)
removed.
  The signal
"SDRAMIF/RD_PING/U0/xst_fifo_generator/gconvfifo.rf/grf.rf/gntv_or_sync_fifo.gl0
.rd/gras.grdc1.rdc/GND_186_o_GND_186_o_sub_2_OUT<2>" is sourceless and has been
removed.
   Sourceless block
"SDRAMIF/RD_PING/U0/xst_fifo_generator/gconvfifo.rf/grf.rf/gntv_or_sync_fifo.gl0
.rd/gras.grdc1.rdc/rd_dc_i_2" (FF) removed.
 Sourceless block
"SDRAMIF/RD_PING/U0/xst_fifo_generator/gconvfifo.rf/grf.rf/gntv_or_sync_fifo.gl0
.rd/gras.grdc1.rdc/Msub_GND_186_o_GND_186_o_sub_2_OUT<7:0>_cy<2>" (MUX) removed.
The signal
"SDRAMIF/RD_PING/U0/xst_fifo_generator/gconvfifo.rf/grf.rf/gntv_or_sync_fifo.gl0
.rd/gras.grdc1.rdc/Msub_GND_186_o_GND_186_o_sub_2_OUT<7:0>_lut<2>" is sourceless
and has been removed.
The signal
"SDRAMIF/RD_PING/U0/xst_fifo_generator/gconvfifo.rf/grf.rf/gntv_or_sync_fifo.gl0
.rd/gras.grdc1.rdc/Msub_GND_186_o_GND_186_o_sub_2_OUT<7:0>_cy<0>" is sourceless
and has been removed.
 Sourceless block
"SDRAMIF/RD_PING/U0/xst_fifo_generator/gconvfifo.rf/grf.rf/gntv_or_sync_fifo.gl0
.rd/gras.grdc1.rdc/Msub_GND_186_o_GND_186_o_sub_2_OUT<7:0>_xor<1>" (XOR)
removed.
  The signal
"SDRAMIF/RD_PING/U0/xst_fifo_generator/gconvfifo.rf/grf.rf/gntv_or_sync_fifo.gl0
.rd/gras.grdc1.rdc/GND_186_o_GND_186_o_sub_2_OUT<1>" is sourceless and has been
removed.
   Sourceless block
"SDRAMIF/RD_PING/U0/xst_fifo_generator/gconvfifo.rf/grf.rf/gntv_or_sync_fifo.gl0
.rd/gras.grdc1.rdc/rd_dc_i_1" (FF) removed.
 Sourceless block
"SDRAMIF/RD_PING/U0/xst_fifo_generator/gconvfifo.rf/grf.rf/gntv_or_sync_fifo.gl0
.rd/gras.grdc1.rdc/Msub_GND_186_o_GND_186_o_sub_2_OUT<7:0>_cy<1>" (MUX) removed.
The signal
"SDRAMIF/RD_PING/U0/xst_fifo_generator/gconvfifo.rf/grf.rf/gntv_or_sync_fifo.gl0
.rd/gras.grdc1.rdc/Msub_GND_186_o_GND_186_o_sub_2_OUT<7:0>_lut<1>" is sourceless
and has been removed.
The signal
"SDRAMIF/RD_PING/U0/xst_fifo_generator/gconvfifo.rf/grf.rf/gntv_or_sync_fifo.gl0
.rd/gras.grdc1.rdc/Msub_GND_186_o_GND_186_o_sub_2_OUT<7:0>_lut<0>" is sourceless
and has been removed.
 Sourceless block
"SDRAMIF/RD_PING/U0/xst_fifo_generator/gconvfifo.rf/grf.rf/gntv_or_sync_fifo.gl0
.rd/gras.grdc1.rdc/Msub_GND_186_o_GND_186_o_sub_2_OUT<7:0>_xor<0>" (XOR)
removed.
  The signal
"SDRAMIF/RD_PING/U0/xst_fifo_generator/gconvfifo.rf/grf.rf/gntv_or_sync_fifo.gl0
.rd/gras.grdc1.rdc/GND_186_o_GND_186_o_sub_2_OUT<0>" is sourceless and has been
removed.
   Sourceless block
"SDRAMIF/RD_PING/U0/xst_fifo_generator/gconvfifo.rf/grf.rf/gntv_or_sync_fifo.gl0
.rd/gras.grdc1.rdc/rd_dc_i_0" (FF) removed.
 Sourceless block
"SDRAMIF/RD_PING/U0/xst_fifo_generator/gconvfifo.rf/grf.rf/gntv_or_sync_fifo.gl0
.rd/gras.grdc1.rdc/Msub_GND_186_o_GND_186_o_sub_2_OUT<7:0>_cy<0>" (MUX) removed.
The signal
"SDRAMIF/RD_PING/U0/xst_fifo_generator/gconvfifo.rf/grf.rf/gntv_or_sync_fifo.gl0
.wr/gwas.gwdc0.wdc/Msub_GND_192_o_GND_192_o_sub_2_OUT<7:0>_cy<6>" is sourceless
and has been removed.
 Sourceless block
"SDRAMIF/RD_PING/U0/xst_fifo_generator/gconvfifo.rf/grf.rf/gntv_or_sync_fifo.gl0
.wr/gwas.gwdc0.wdc/Msub_GND_192_o_GND_192_o_sub_2_OUT<7:0>_xor<7>" (XOR)
removed.
  The signal
"SDRAMIF/RD_PING/U0/xst_fifo_generator/gconvfifo.rf/grf.rf/gntv_or_sync_fifo.gl0
.wr/gwas.gwdc0.wdc/GND_192_o_GND_192_o_sub_2_OUT<7>" is sourceless and has been
removed.
   Sourceless block
"SDRAMIF/RD_PING/U0/xst_fifo_generator/gconvfifo.rf/grf.rf/gntv_or_sync_fifo.gl0
.wr/gwas.gwdc0.wdc/wr_data_count_i_7" (FF) removed.
The signal
"SDRAMIF/RD_PING/U0/xst_fifo_generator/gconvfifo.rf/grf.rf/gntv_or_sync_fifo.gl0
.wr/gwas.gwdc0.wdc/Msub_GND_192_o_GND_192_o_sub_2_OUT<7:0>_lut<7>" is sourceless
and has been removed.
The signal
"SDRAMIF/RD_PING/U0/xst_fifo_generator/gconvfifo.rf/grf.rf/gntv_or_sync_fifo.gl0
.wr/gwas.gwdc0.wdc/GND_192_o_GND_192_o_sub_2_OUT<4>" is sourceless and has been
removed.
 Sourceless block
"SDRAMIF/RD_PING/U0/xst_fifo_generator/gconvfifo.rf/grf.rf/gntv_or_sync_fifo.gl0
.wr/gwas.gwdc0.wdc/wr_data_count_i_4" (FF) removed.
The signal
"SDRAMIF/RD_PING/U0/xst_fifo_generator/gconvfifo.rf/grf.rf/gntv_or_sync_fifo.gl0
.wr/gwas.gwdc0.wdc/GND_192_o_GND_192_o_sub_2_OUT<3>" is sourceless and has been
removed.
 Sourceless block
"SDRAMIF/RD_PING/U0/xst_fifo_generator/gconvfifo.rf/grf.rf/gntv_or_sync_fifo.gl0
.wr/gwas.gwdc0.wdc/wr_data_count_i_3" (FF) removed.
The signal
"SDRAMIF/RD_PING/U0/xst_fifo_generator/gconvfifo.rf/grf.rf/gntv_or_sync_fifo.gl0
.wr/gwas.gwdc0.wdc/GND_192_o_GND_192_o_sub_2_OUT<2>" is sourceless and has been
removed.
 Sourceless block
"SDRAMIF/RD_PING/U0/xst_fifo_generator/gconvfifo.rf/grf.rf/gntv_or_sync_fifo.gl0
.wr/gwas.gwdc0.wdc/wr_data_count_i_2" (FF) removed.
The signal
"SDRAMIF/RD_PING/U0/xst_fifo_generator/gconvfifo.rf/grf.rf/gntv_or_sync_fifo.gl0
.wr/gwas.gwdc0.wdc/GND_192_o_GND_192_o_sub_2_OUT<1>" is sourceless and has been
removed.
 Sourceless block
"SDRAMIF/RD_PING/U0/xst_fifo_generator/gconvfifo.rf/grf.rf/gntv_or_sync_fifo.gl0
.wr/gwas.gwdc0.wdc/wr_data_count_i_1" (FF) removed.
The signal
"SDRAMIF/RD_PING/U0/xst_fifo_generator/gconvfifo.rf/grf.rf/gntv_or_sync_fifo.gl0
.wr/gwas.gwdc0.wdc/GND_192_o_GND_192_o_sub_2_OUT<0>" is sourceless and has been
removed.
 Sourceless block
"SDRAMIF/RD_PING/U0/xst_fifo_generator/gconvfifo.rf/grf.rf/gntv_or_sync_fifo.gl0
.wr/gwas.gwdc0.wdc/wr_data_count_i_0" (FF) removed.
The signal
"SDRAMIF/WR_16x16_1/U0/xst_fifo_generator/gconvfifo.rf/grf.rf/gntv_or_sync_fifo.
gl0.rd/gras.grdc1.rdc/rd_dc_i<5>" is sourceless and has been removed.
The signal
"SDRAMIF/WR_16x16_1/U0/xst_fifo_generator/gconvfifo.rf/grf.rf/gntv_or_sync_fifo.
gl0.rd/gras.grdc1.rdc/rd_dc_i<4>" is sourceless and has been removed.
The signal
"SDRAMIF/WR_16x16_1/U0/xst_fifo_generator/gconvfifo.rf/grf.rf/gntv_or_sync_fifo.
gl0.rd/gras.grdc1.rdc/rd_dc_i<3>" is sourceless and has been removed.
The signal
"SDRAMIF/WR_16x16_1/U0/xst_fifo_generator/gconvfifo.rf/grf.rf/gntv_or_sync_fifo.
gl0.rd/gras.grdc1.rdc/rd_dc_i<2>" is sourceless and has been removed.
The signal
"SDRAMIF/WR_16x16_1/U0/xst_fifo_generator/gconvfifo.rf/grf.rf/gntv_or_sync_fifo.
gl0.rd/gras.grdc1.rdc/rd_dc_i<1>" is sourceless and has been removed.
The signal
"SDRAMIF/WR_16x16_1/U0/xst_fifo_generator/gconvfifo.rf/grf.rf/gntv_or_sync_fifo.
gl0.rd/gras.grdc1.rdc/rd_dc_i<0>" is sourceless and has been removed.
The signal
"SDRAMIF/WR_16x16_1/U0/xst_fifo_generator/gconvfifo.rf/grf.rf/gntv_or_sync_fifo.
gl0.wr/gwas.gwdc0.wdc/wr_data_count_i<7>" is sourceless and has been removed.
The signal
"SDRAMIF/WR_16x16_1/U0/xst_fifo_generator/gconvfifo.rf/grf.rf/gntv_or_sync_fifo.
gl0.wr/gwas.gwdc0.wdc/wr_data_count_i<6>" is sourceless and has been removed.
The signal
"SDRAMIF/WR_16x16_1/U0/xst_fifo_generator/gconvfifo.rf/grf.rf/gntv_or_sync_fifo.
gl0.wr/gwas.gwdc0.wdc/wr_data_count_i<5>" is sourceless and has been removed.
The signal
"SDRAMIF/WR_16x16_1/U0/xst_fifo_generator/gconvfifo.rf/grf.rf/gntv_or_sync_fifo.
gl0.wr/gwas.gwdc0.wdc/wr_data_count_i<4>" is sourceless and has been removed.
The signal
"SDRAMIF/WR_16x16_1/U0/xst_fifo_generator/gconvfifo.rf/grf.rf/gntv_or_sync_fifo.
gl0.wr/gwas.gwdc0.wdc/wr_data_count_i<3>" is sourceless and has been removed.
The signal
"SDRAMIF/WR_16x16_1/U0/xst_fifo_generator/gconvfifo.rf/grf.rf/gntv_or_sync_fifo.
gl0.wr/gwas.gwdc0.wdc/wr_data_count_i<2>" is sourceless and has been removed.
The signal
"SDRAMIF/WR_16x16_1/U0/xst_fifo_generator/gconvfifo.rf/grf.rf/gntv_or_sync_fifo.
gl0.wr/gwas.gwdc0.wdc/wr_data_count_i<1>" is sourceless and has been removed.
The signal
"SDRAMIF/WR_16x16_1/U0/xst_fifo_generator/gconvfifo.rf/grf.rf/gntv_or_sync_fifo.
gl0.wr/gwas.gwdc0.wdc/wr_data_count_i<0>" is sourceless and has been removed.
The signal
"SDRAMIF/WR_16x16_1/U0/xst_fifo_generator/gconvfifo.rf/grf.rf/gntv_or_sync_fifo.
gl0.wr/gwas.wsts/ram_full_i" is sourceless and has been removed.
The signal
"SDRAMIF/WR_16x16_1/U0/xst_fifo_generator/gconvfifo.rf/grf.rf/gntv_or_sync_fifo.
gl0.rd/gras.rsts/ram_empty_i" is sourceless and has been removed.
The signal
"SDRAMIF/WR_16x16_1/U0/xst_fifo_generator/gconvfifo.rf/grf.rf/gntv_or_sync_fifo.
gl0.rd/gras.grdc1.rdc/GND_186_o_GND_186_o_sub_2_OUT<5>" is sourceless and has
been removed.
 Sourceless block
"SDRAMIF/WR_16x16_1/U0/xst_fifo_generator/gconvfifo.rf/grf.rf/gntv_or_sync_fifo.
gl0.rd/gras.grdc1.rdc/rd_dc_i_5" (FF) removed.
The signal
"SDRAMIF/WR_16x16_1/U0/xst_fifo_generator/gconvfifo.rf/grf.rf/gntv_or_sync_fifo.
gl0.rd/gras.grdc1.rdc/GND_186_o_GND_186_o_sub_2_OUT<4>" is sourceless and has
been removed.
 Sourceless block
"SDRAMIF/WR_16x16_1/U0/xst_fifo_generator/gconvfifo.rf/grf.rf/gntv_or_sync_fifo.
gl0.rd/gras.grdc1.rdc/rd_dc_i_4" (FF) removed.
The signal
"SDRAMIF/WR_16x16_1/U0/xst_fifo_generator/gconvfifo.rf/grf.rf/gntv_or_sync_fifo.
gl0.rd/gras.grdc1.rdc/GND_186_o_GND_186_o_sub_2_OUT<3>" is sourceless and has
been removed.
 Sourceless block
"SDRAMIF/WR_16x16_1/U0/xst_fifo_generator/gconvfifo.rf/grf.rf/gntv_or_sync_fifo.
gl0.rd/gras.grdc1.rdc/rd_dc_i_3" (FF) removed.
The signal
"SDRAMIF/WR_16x16_1/U0/xst_fifo_generator/gconvfifo.rf/grf.rf/gntv_or_sync_fifo.
gl0.rd/gras.grdc1.rdc/GND_186_o_GND_186_o_sub_2_OUT<2>" is sourceless and has
been removed.
 Sourceless block
"SDRAMIF/WR_16x16_1/U0/xst_fifo_generator/gconvfifo.rf/grf.rf/gntv_or_sync_fifo.
gl0.rd/gras.grdc1.rdc/rd_dc_i_2" (FF) removed.
The signal
"SDRAMIF/WR_16x16_1/U0/xst_fifo_generator/gconvfifo.rf/grf.rf/gntv_or_sync_fifo.
gl0.rd/gras.grdc1.rdc/GND_186_o_GND_186_o_sub_2_OUT<1>" is sourceless and has
been removed.
 Sourceless block
"SDRAMIF/WR_16x16_1/U0/xst_fifo_generator/gconvfifo.rf/grf.rf/gntv_or_sync_fifo.
gl0.rd/gras.grdc1.rdc/rd_dc_i_1" (FF) removed.
The signal
"SDRAMIF/WR_16x16_1/U0/xst_fifo_generator/gconvfifo.rf/grf.rf/gntv_or_sync_fifo.
gl0.rd/gras.grdc1.rdc/GND_186_o_GND_186_o_sub_2_OUT<0>" is sourceless and has
been removed.
 Sourceless block
"SDRAMIF/WR_16x16_1/U0/xst_fifo_generator/gconvfifo.rf/grf.rf/gntv_or_sync_fifo.
gl0.rd/gras.grdc1.rdc/rd_dc_i_0" (FF) removed.
The signal
"SDRAMIF/WR_16x16_1/U0/xst_fifo_generator/gconvfifo.rf/grf.rf/gntv_or_sync_fifo.
gl0.wr/gwas.gwdc0.wdc/Msub_GND_192_o_GND_192_o_sub_2_OUT<7:0>_cy<6>" is
sourceless and has been removed.
 Sourceless block
"SDRAMIF/WR_16x16_1/U0/xst_fifo_generator/gconvfifo.rf/grf.rf/gntv_or_sync_fifo.
gl0.wr/gwas.gwdc0.wdc/Msub_GND_192_o_GND_192_o_sub_2_OUT<7:0>_xor<7>" (XOR)
removed.
  The signal
"SDRAMIF/WR_16x16_1/U0/xst_fifo_generator/gconvfifo.rf/grf.rf/gntv_or_sync_fifo.
gl0.wr/gwas.gwdc0.wdc/GND_192_o_GND_192_o_sub_2_OUT<7>" is sourceless and has
been removed.
   Sourceless block
"SDRAMIF/WR_16x16_1/U0/xst_fifo_generator/gconvfifo.rf/grf.rf/gntv_or_sync_fifo.
gl0.wr/gwas.gwdc0.wdc/wr_data_count_i_7" (FF) removed.
The signal
"SDRAMIF/WR_16x16_1/U0/xst_fifo_generator/gconvfifo.rf/grf.rf/gntv_or_sync_fifo.
gl0.wr/gwas.gwdc0.wdc/Msub_GND_192_o_GND_192_o_sub_2_OUT<7:0>_lut<7>" is
sourceless and has been removed.
The signal
"SDRAMIF/WR_16x16_1/U0/xst_fifo_generator/gconvfifo.rf/grf.rf/gntv_or_sync_fifo.
gl0.wr/gwas.gwdc0.wdc/Msub_GND_192_o_GND_192_o_sub_2_OUT<7:0>_cy<5>" is
sourceless and has been removed.
 Sourceless block
"SDRAMIF/WR_16x16_1/U0/xst_fifo_generator/gconvfifo.rf/grf.rf/gntv_or_sync_fifo.
gl0.wr/gwas.gwdc0.wdc/Msub_GND_192_o_GND_192_o_sub_2_OUT<7:0>_xor<6>" (XOR)
removed.
  The signal
"SDRAMIF/WR_16x16_1/U0/xst_fifo_generator/gconvfifo.rf/grf.rf/gntv_or_sync_fifo.
gl0.wr/gwas.gwdc0.wdc/GND_192_o_GND_192_o_sub_2_OUT<6>" is sourceless and has
been removed.
   Sourceless block
"SDRAMIF/WR_16x16_1/U0/xst_fifo_generator/gconvfifo.rf/grf.rf/gntv_or_sync_fifo.
gl0.wr/gwas.gwdc0.wdc/wr_data_count_i_6" (FF) removed.
 Sourceless block
"SDRAMIF/WR_16x16_1/U0/xst_fifo_generator/gconvfifo.rf/grf.rf/gntv_or_sync_fifo.
gl0.wr/gwas.gwdc0.wdc/Msub_GND_192_o_GND_192_o_sub_2_OUT<7:0>_cy<6>" (MUX)
removed.
The signal
"SDRAMIF/WR_16x16_1/U0/xst_fifo_generator/gconvfifo.rf/grf.rf/gntv_or_sync_fifo.
gl0.wr/gwas.gwdc0.wdc/Msub_GND_192_o_GND_192_o_sub_2_OUT<7:0>_lut<6>" is
sourceless and has been removed.
The signal
"SDRAMIF/WR_16x16_1/U0/xst_fifo_generator/gconvfifo.rf/grf.rf/gntv_or_sync_fifo.
gl0.wr/gwas.gwdc0.wdc/Msub_GND_192_o_GND_192_o_sub_2_OUT<7:0>_cy<4>" is
sourceless and has been removed.
 Sourceless block
"SDRAMIF/WR_16x16_1/U0/xst_fifo_generator/gconvfifo.rf/grf.rf/gntv_or_sync_fifo.
gl0.wr/gwas.gwdc0.wdc/Msub_GND_192_o_GND_192_o_sub_2_OUT<7:0>_xor<5>" (XOR)
removed.
  The signal
"SDRAMIF/WR_16x16_1/U0/xst_fifo_generator/gconvfifo.rf/grf.rf/gntv_or_sync_fifo.
gl0.wr/gwas.gwdc0.wdc/GND_192_o_GND_192_o_sub_2_OUT<5>" is sourceless and has
been removed.
   Sourceless block
"SDRAMIF/WR_16x16_1/U0/xst_fifo_generator/gconvfifo.rf/grf.rf/gntv_or_sync_fifo.
gl0.wr/gwas.gwdc0.wdc/wr_data_count_i_5" (FF) removed.
 Sourceless block
"SDRAMIF/WR_16x16_1/U0/xst_fifo_generator/gconvfifo.rf/grf.rf/gntv_or_sync_fifo.
gl0.wr/gwas.gwdc0.wdc/Msub_GND_192_o_GND_192_o_sub_2_OUT<7:0>_cy<5>" (MUX)
removed.
The signal
"SDRAMIF/WR_16x16_1/U0/xst_fifo_generator/gconvfifo.rf/grf.rf/gntv_or_sync_fifo.
gl0.wr/gwas.gwdc0.wdc/Msub_GND_192_o_GND_192_o_sub_2_OUT<7:0>_lut<5>" is
sourceless and has been removed.
The signal
"SDRAMIF/WR_16x16_1/U0/xst_fifo_generator/gconvfifo.rf/grf.rf/gntv_or_sync_fifo.
gl0.wr/gwas.gwdc0.wdc/Msub_GND_192_o_GND_192_o_sub_2_OUT<7:0>_cy<3>" is
sourceless and has been removed.
 Sourceless block
"SDRAMIF/WR_16x16_1/U0/xst_fifo_generator/gconvfifo.rf/grf.rf/gntv_or_sync_fifo.
gl0.wr/gwas.gwdc0.wdc/Msub_GND_192_o_GND_192_o_sub_2_OUT<7:0>_xor<4>" (XOR)
removed.
  The signal
"SDRAMIF/WR_16x16_1/U0/xst_fifo_generator/gconvfifo.rf/grf.rf/gntv_or_sync_fifo.
gl0.wr/gwas.gwdc0.wdc/GND_192_o_GND_192_o_sub_2_OUT<4>" is sourceless and has
been removed.
   Sourceless block
"SDRAMIF/WR_16x16_1/U0/xst_fifo_generator/gconvfifo.rf/grf.rf/gntv_or_sync_fifo.
gl0.wr/gwas.gwdc0.wdc/wr_data_count_i_4" (FF) removed.
 Sourceless block
"SDRAMIF/WR_16x16_1/U0/xst_fifo_generator/gconvfifo.rf/grf.rf/gntv_or_sync_fifo.
gl0.wr/gwas.gwdc0.wdc/Msub_GND_192_o_GND_192_o_sub_2_OUT<7:0>_cy<4>" (MUX)
removed.
The signal
"SDRAMIF/WR_16x16_1/U0/xst_fifo_generator/gconvfifo.rf/grf.rf/gntv_or_sync_fifo.
gl0.wr/gwas.gwdc0.wdc/Msub_GND_192_o_GND_192_o_sub_2_OUT<7:0>_lut<4>" is
sourceless and has been removed.
The signal
"SDRAMIF/WR_16x16_1/U0/xst_fifo_generator/gconvfifo.rf/grf.rf/gntv_or_sync_fifo.
gl0.wr/gwas.gwdc0.wdc/Msub_GND_192_o_GND_192_o_sub_2_OUT<7:0>_cy<2>" is
sourceless and has been removed.
 Sourceless block
"SDRAMIF/WR_16x16_1/U0/xst_fifo_generator/gconvfifo.rf/grf.rf/gntv_or_sync_fifo.
gl0.wr/gwas.gwdc0.wdc/Msub_GND_192_o_GND_192_o_sub_2_OUT<7:0>_xor<3>" (XOR)
removed.
  The signal
"SDRAMIF/WR_16x16_1/U0/xst_fifo_generator/gconvfifo.rf/grf.rf/gntv_or_sync_fifo.
gl0.wr/gwas.gwdc0.wdc/GND_192_o_GND_192_o_sub_2_OUT<3>" is sourceless and has
been removed.
   Sourceless block
"SDRAMIF/WR_16x16_1/U0/xst_fifo_generator/gconvfifo.rf/grf.rf/gntv_or_sync_fifo.
gl0.wr/gwas.gwdc0.wdc/wr_data_count_i_3" (FF) removed.
 Sourceless block
"SDRAMIF/WR_16x16_1/U0/xst_fifo_generator/gconvfifo.rf/grf.rf/gntv_or_sync_fifo.
gl0.wr/gwas.gwdc0.wdc/Msub_GND_192_o_GND_192_o_sub_2_OUT<7:0>_cy<3>" (MUX)
removed.
The signal
"SDRAMIF/WR_16x16_1/U0/xst_fifo_generator/gconvfifo.rf/grf.rf/gntv_or_sync_fifo.
gl0.wr/gwas.gwdc0.wdc/Msub_GND_192_o_GND_192_o_sub_2_OUT<7:0>_lut<3>" is
sourceless and has been removed.
The signal
"SDRAMIF/WR_16x16_1/U0/xst_fifo_generator/gconvfifo.rf/grf.rf/gntv_or_sync_fifo.
gl0.wr/gwas.gwdc0.wdc/Msub_GND_192_o_GND_192_o_sub_2_OUT<7:0>_cy<1>" is
sourceless and has been removed.
 Sourceless block
"SDRAMIF/WR_16x16_1/U0/xst_fifo_generator/gconvfifo.rf/grf.rf/gntv_or_sync_fifo.
gl0.wr/gwas.gwdc0.wdc/Msub_GND_192_o_GND_192_o_sub_2_OUT<7:0>_xor<2>" (XOR)
removed.
  The signal
"SDRAMIF/WR_16x16_1/U0/xst_fifo_generator/gconvfifo.rf/grf.rf/gntv_or_sync_fifo.
gl0.wr/gwas.gwdc0.wdc/GND_192_o_GND_192_o_sub_2_OUT<2>" is sourceless and has
been removed.
   Sourceless block
"SDRAMIF/WR_16x16_1/U0/xst_fifo_generator/gconvfifo.rf/grf.rf/gntv_or_sync_fifo.
gl0.wr/gwas.gwdc0.wdc/wr_data_count_i_2" (FF) removed.
 Sourceless block
"SDRAMIF/WR_16x16_1/U0/xst_fifo_generator/gconvfifo.rf/grf.rf/gntv_or_sync_fifo.
gl0.wr/gwas.gwdc0.wdc/Msub_GND_192_o_GND_192_o_sub_2_OUT<7:0>_cy<2>" (MUX)
removed.
The signal
"SDRAMIF/WR_16x16_1/U0/xst_fifo_generator/gconvfifo.rf/grf.rf/gntv_or_sync_fifo.
gl0.wr/gwas.gwdc0.wdc/Msub_GND_192_o_GND_192_o_sub_2_OUT<7:0>_lut<2>" is
sourceless and has been removed.
The signal
"SDRAMIF/WR_16x16_1/U0/xst_fifo_generator/gconvfifo.rf/grf.rf/gntv_or_sync_fifo.
gl0.wr/gwas.gwdc0.wdc/Msub_GND_192_o_GND_192_o_sub_2_OUT<7:0>_cy<0>" is
sourceless and has been removed.
 Sourceless block
"SDRAMIF/WR_16x16_1/U0/xst_fifo_generator/gconvfifo.rf/grf.rf/gntv_or_sync_fifo.
gl0.wr/gwas.gwdc0.wdc/Msub_GND_192_o_GND_192_o_sub_2_OUT<7:0>_xor<1>" (XOR)
removed.
  The signal
"SDRAMIF/WR_16x16_1/U0/xst_fifo_generator/gconvfifo.rf/grf.rf/gntv_or_sync_fifo.
gl0.wr/gwas.gwdc0.wdc/GND_192_o_GND_192_o_sub_2_OUT<1>" is sourceless and has
been removed.
   Sourceless block
"SDRAMIF/WR_16x16_1/U0/xst_fifo_generator/gconvfifo.rf/grf.rf/gntv_or_sync_fifo.
gl0.wr/gwas.gwdc0.wdc/wr_data_count_i_1" (FF) removed.
 Sourceless block
"SDRAMIF/WR_16x16_1/U0/xst_fifo_generator/gconvfifo.rf/grf.rf/gntv_or_sync_fifo.
gl0.wr/gwas.gwdc0.wdc/Msub_GND_192_o_GND_192_o_sub_2_OUT<7:0>_cy<1>" (MUX)
removed.
The signal
"SDRAMIF/WR_16x16_1/U0/xst_fifo_generator/gconvfifo.rf/grf.rf/gntv_or_sync_fifo.
gl0.wr/gwas.gwdc0.wdc/Msub_GND_192_o_GND_192_o_sub_2_OUT<7:0>_lut<1>" is
sourceless and has been removed.
The signal
"SDRAMIF/WR_16x16_1/U0/xst_fifo_generator/gconvfifo.rf/grf.rf/gntv_or_sync_fifo.
gl0.wr/gwas.gwdc0.wdc/Msub_GND_192_o_GND_192_o_sub_2_OUT<7:0>_lut<0>" is
sourceless and has been removed.
 Sourceless block
"SDRAMIF/WR_16x16_1/U0/xst_fifo_generator/gconvfifo.rf/grf.rf/gntv_or_sync_fifo.
gl0.wr/gwas.gwdc0.wdc/Msub_GND_192_o_GND_192_o_sub_2_OUT<7:0>_xor<0>" (XOR)
removed.
  The signal
"SDRAMIF/WR_16x16_1/U0/xst_fifo_generator/gconvfifo.rf/grf.rf/gntv_or_sync_fifo.
gl0.wr/gwas.gwdc0.wdc/GND_192_o_GND_192_o_sub_2_OUT<0>" is sourceless and has
been removed.
   Sourceless block
"SDRAMIF/WR_16x16_1/U0/xst_fifo_generator/gconvfifo.rf/grf.rf/gntv_or_sync_fifo.
gl0.wr/gwas.gwdc0.wdc/wr_data_count_i_0" (FF) removed.
 Sourceless block
"SDRAMIF/WR_16x16_1/U0/xst_fifo_generator/gconvfifo.rf/grf.rf/gntv_or_sync_fifo.
gl0.wr/gwas.gwdc0.wdc/Msub_GND_192_o_GND_192_o_sub_2_OUT<7:0>_cy<0>" (MUX)
removed.

The trimmed logic reported below is either:
   1. part of a cycle
   2. part of disabled logic
   3. a side-effect of other trimmed logic

The signal "INT_TIME2" is unused and has been removed.
 Unused block "INT_TIME2_OBUFT" (TRI) removed.
The signal "INT_TIME3" is unused and has been removed.
 Unused block "INT_TIME3_OBUFT" (TRI) removed.
Unused block "INT_TIME2" (PAD) removed.
Unused block "INT_TIME3" (PAD) removed.
Unused block
"SDRAMIF/RD_PING/U0/xst_fifo_generator/gconvfifo.rf/grf.rf/gntv_or_sync_fifo.gl0
.rd/gras.grdc1.rdc/Msub_GND_186_o_GND_186_o_sub_2_OUT<7:0>_lut<0>" (ROM)
removed.
Unused block
"SDRAMIF/RD_PING/U0/xst_fifo_generator/gconvfifo.rf/grf.rf/gntv_or_sync_fifo.gl0
.rd/gras.grdc1.rdc/Msub_GND_186_o_GND_186_o_sub_2_OUT<7:0>_lut<1>" (ROM)
removed.
Unused block
"SDRAMIF/RD_PING/U0/xst_fifo_generator/gconvfifo.rf/grf.rf/gntv_or_sync_fifo.gl0
.rd/gras.grdc1.rdc/Msub_GND_186_o_GND_186_o_sub_2_OUT<7:0>_lut<2>" (ROM)
removed.
Unused block
"SDRAMIF/RD_PING/U0/xst_fifo_generator/gconvfifo.rf/grf.rf/gntv_or_sync_fifo.gl0
.rd/gras.grdc1.rdc/Msub_GND_186_o_GND_186_o_sub_2_OUT<7:0>_lut<3>" (ROM)
removed.
Unused block
"SDRAMIF/RD_PING/U0/xst_fifo_generator/gconvfifo.rf/grf.rf/gntv_or_sync_fifo.gl0
.rd/gras.grdc1.rdc/Msub_GND_186_o_GND_186_o_sub_2_OUT<7:0>_lut<4>" (ROM)
removed.
Unused block
"SDRAMIF/RD_PING/U0/xst_fifo_generator/gconvfifo.rf/grf.rf/gntv_or_sync_fifo.gl0
.rd/gras.grdc1.rdc/Msub_GND_186_o_GND_186_o_sub_2_OUT<7:0>_lut<5>" (ROM)
removed.
Unused block
"SDRAMIF/RD_PING/U0/xst_fifo_generator/gconvfifo.rf/grf.rf/gntv_or_sync_fifo.gl0
.rd/gras.grdc1.rdc/Msub_GND_186_o_GND_186_o_sub_2_OUT<7:0>_lut<6>" (ROM)
removed.
Unused block
"SDRAMIF/RD_PING/U0/xst_fifo_generator/gconvfifo.rf/grf.rf/gntv_or_sync_fifo.gl0
.rd/gras.grdc1.rdc/Msub_GND_186_o_GND_186_o_sub_2_OUT<7:0>_lut<7>" (ROM)
removed.
Unused block
"SDRAMIF/RD_PING/U0/xst_fifo_generator/gconvfifo.rf/grf.rf/gntv_or_sync_fifo.gl0
.rd/gras.rsts/ram_empty_i" (FF) removed.
Unused block
"SDRAMIF/RD_PING/U0/xst_fifo_generator/gconvfifo.rf/grf.rf/gntv_or_sync_fifo.gl0
.wr/gwas.gwdc0.wdc/Msub_GND_192_o_GND_192_o_sub_2_OUT<7:0>_cy<6>" (MUX) removed.
Unused block
"SDRAMIF/RD_PING/U0/xst_fifo_generator/gconvfifo.rf/grf.rf/gntv_or_sync_fifo.gl0
.wr/gwas.gwdc0.wdc/Msub_GND_192_o_GND_192_o_sub_2_OUT<7:0>_lut<7>" (ROM)
removed.
Unused block
"SDRAMIF/RD_PING/U0/xst_fifo_generator/gconvfifo.rf/grf.rf/gntv_or_sync_fifo.gl0
.wr/gwas.gwdc0.wdc/Msub_GND_192_o_GND_192_o_sub_2_OUT<7:0>_xor<0>" (XOR)
removed.
Unused block
"SDRAMIF/RD_PING/U0/xst_fifo_generator/gconvfifo.rf/grf.rf/gntv_or_sync_fifo.gl0
.wr/gwas.gwdc0.wdc/Msub_GND_192_o_GND_192_o_sub_2_OUT<7:0>_xor<1>" (XOR)
removed.
Unused block
"SDRAMIF/RD_PING/U0/xst_fifo_generator/gconvfifo.rf/grf.rf/gntv_or_sync_fifo.gl0
.wr/gwas.gwdc0.wdc/Msub_GND_192_o_GND_192_o_sub_2_OUT<7:0>_xor<2>" (XOR)
removed.
Unused block
"SDRAMIF/RD_PING/U0/xst_fifo_generator/gconvfifo.rf/grf.rf/gntv_or_sync_fifo.gl0
.wr/gwas.gwdc0.wdc/Msub_GND_192_o_GND_192_o_sub_2_OUT<7:0>_xor<3>" (XOR)
removed.
Unused block
"SDRAMIF/RD_PING/U0/xst_fifo_generator/gconvfifo.rf/grf.rf/gntv_or_sync_fifo.gl0
.wr/gwas.gwdc0.wdc/Msub_GND_192_o_GND_192_o_sub_2_OUT<7:0>_xor<4>" (XOR)
removed.
Unused block
"SDRAMIF/RD_PING/U0/xst_fifo_generator/gconvfifo.rf/grf.rf/gntv_or_sync_fifo.gl0
.wr/gwas.wsts/ram_full_i" (FF) removed.
Unused block
"SDRAMIF/WR_16x16_1/U0/xst_fifo_generator/gconvfifo.rf/grf.rf/gntv_or_sync_fifo.
gl0.rd/gras.grdc1.rdc/Msub_GND_186_o_GND_186_o_sub_2_OUT<7:0>_xor<0>" (XOR)
removed.
Unused block
"SDRAMIF/WR_16x16_1/U0/xst_fifo_generator/gconvfifo.rf/grf.rf/gntv_or_sync_fifo.
gl0.rd/gras.grdc1.rdc/Msub_GND_186_o_GND_186_o_sub_2_OUT<7:0>_xor<1>" (XOR)
removed.
Unused block
"SDRAMIF/WR_16x16_1/U0/xst_fifo_generator/gconvfifo.rf/grf.rf/gntv_or_sync_fifo.
gl0.rd/gras.grdc1.rdc/Msub_GND_186_o_GND_186_o_sub_2_OUT<7:0>_xor<2>" (XOR)
removed.
Unused block
"SDRAMIF/WR_16x16_1/U0/xst_fifo_generator/gconvfifo.rf/grf.rf/gntv_or_sync_fifo.
gl0.rd/gras.grdc1.rdc/Msub_GND_186_o_GND_186_o_sub_2_OUT<7:0>_xor<3>" (XOR)
removed.
Unused block
"SDRAMIF/WR_16x16_1/U0/xst_fifo_generator/gconvfifo.rf/grf.rf/gntv_or_sync_fifo.
gl0.rd/gras.grdc1.rdc/Msub_GND_186_o_GND_186_o_sub_2_OUT<7:0>_xor<4>" (XOR)
removed.
Unused block
"SDRAMIF/WR_16x16_1/U0/xst_fifo_generator/gconvfifo.rf/grf.rf/gntv_or_sync_fifo.
gl0.rd/gras.grdc1.rdc/Msub_GND_186_o_GND_186_o_sub_2_OUT<7:0>_xor<5>" (XOR)
removed.
Unused block
"SDRAMIF/WR_16x16_1/U0/xst_fifo_generator/gconvfifo.rf/grf.rf/gntv_or_sync_fifo.
gl0.rd/gras.rsts/ram_empty_i" (FF) removed.
Unused block
"SDRAMIF/WR_16x16_1/U0/xst_fifo_generator/gconvfifo.rf/grf.rf/gntv_or_sync_fifo.
gl0.wr/gwas.gwdc0.wdc/Msub_GND_192_o_GND_192_o_sub_2_OUT<7:0>_lut<0>" (ROM)
removed.
Unused block
"SDRAMIF/WR_16x16_1/U0/xst_fifo_generator/gconvfifo.rf/grf.rf/gntv_or_sync_fifo.
gl0.wr/gwas.gwdc0.wdc/Msub_GND_192_o_GND_192_o_sub_2_OUT<7:0>_lut<1>" (ROM)
removed.
Unused block
"SDRAMIF/WR_16x16_1/U0/xst_fifo_generator/gconvfifo.rf/grf.rf/gntv_or_sync_fifo.
gl0.wr/gwas.gwdc0.wdc/Msub_GND_192_o_GND_192_o_sub_2_OUT<7:0>_lut<2>" (ROM)
removed.
Unused block
"SDRAMIF/WR_16x16_1/U0/xst_fifo_generator/gconvfifo.rf/grf.rf/gntv_or_sync_fifo.
gl0.wr/gwas.gwdc0.wdc/Msub_GND_192_o_GND_192_o_sub_2_OUT<7:0>_lut<3>" (ROM)
removed.
Unused block
"SDRAMIF/WR_16x16_1/U0/xst_fifo_generator/gconvfifo.rf/grf.rf/gntv_or_sync_fifo.
gl0.wr/gwas.gwdc0.wdc/Msub_GND_192_o_GND_192_o_sub_2_OUT<7:0>_lut<4>" (ROM)
removed.
Unused block
"SDRAMIF/WR_16x16_1/U0/xst_fifo_generator/gconvfifo.rf/grf.rf/gntv_or_sync_fifo.
gl0.wr/gwas.gwdc0.wdc/Msub_GND_192_o_GND_192_o_sub_2_OUT<7:0>_lut<5>" (ROM)
removed.
Unused block
"SDRAMIF/WR_16x16_1/U0/xst_fifo_generator/gconvfifo.rf/grf.rf/gntv_or_sync_fifo.
gl0.wr/gwas.gwdc0.wdc/Msub_GND_192_o_GND_192_o_sub_2_OUT<7:0>_lut<6>" (ROM)
removed.
Unused block
"SDRAMIF/WR_16x16_1/U0/xst_fifo_generator/gconvfifo.rf/grf.rf/gntv_or_sync_fifo.
gl0.wr/gwas.gwdc0.wdc/Msub_GND_192_o_GND_192_o_sub_2_OUT<7:0>_lut<7>" (ROM)
removed.
Unused block
"SDRAMIF/WR_16x16_1/U0/xst_fifo_generator/gconvfifo.rf/grf.rf/gntv_or_sync_fifo.
gl0.wr/gwas.wsts/ram_full_i" (FF) removed.

Optimized Block(s):
TYPE 		BLOCK
GND 		SDRAMIF/RD_PING/XST_GND
VCC 		SDRAMIF/RD_PING/XST_VCC
GND 		SDRAMIF/WR_16x16_1/XST_GND
VCC 		SDRAMIF/WR_16x16_1/XST_VCC
GND 		XST_GND
VCC 		XST_VCC

To enable printing of redundant blocks removed and signals merged, set the
detailed map report option and rerun map.

Section 6 - IOB Properties
--------------------------

+---------------------------------------------------------------------------------------------------------------------------------------------------------+
| IOB Name                           | Type             | Direction | IO Standard          | Diff  | Drive    | Slew | Reg (s)      | Resistor | IOB      |
|                                    |                  |           |                      | Term  | Strength | Rate |              |          | Delay    |
+---------------------------------------------------------------------------------------------------------------------------------------------------------+
| BA<0>                              | IOB              | OUTPUT    | LVTTL                |       | 12       | SLOW |              |          |          |
| BA<1>                              | IOB              | OUTPUT    | LVTTL                |       | 12       | SLOW |              |          |          |
| CAS_N                              | IOB              | OUTPUT    | LVTTL                |       | 12       | SLOW |              |          |          |
| CKE                                | IOB              | OUTPUT    | LVTTL                |       | 12       | SLOW |              |          |          |
| CLOCK_IN                           | IOB              | INPUT     | LVCMOS33             |       |          |      |              |          |          |
| CS_N                               | IOB              | OUTPUT    | LVTTL                |       | 12       | SLOW |              |          |          |
| DATA_IMAGE<0>                      | IOB              | INPUT     | LVCMOS25             |       |          |      |              | PULLUP   |          |
| DATA_IMAGE<1>                      | IOB              | INPUT     | LVCMOS25             |       |          |      |              | PULLUP   |          |
| DATA_IMAGE<2>                      | IOB              | INPUT     | LVCMOS25             |       |          |      |              | PULLUP   |          |
| DATA_IMAGE<3>                      | IOB              | INPUT     | LVCMOS25             |       |          |      |              | PULLUP   |          |
| DATA_IMAGE<4>                      | IOB              | INPUT     | LVCMOS25             |       |          |      |              | PULLUP   |          |
| DATA_IMAGE<5>                      | IOB              | INPUT     | LVCMOS25             |       |          |      |              | PULLUP   |          |
| DATA_IMAGE<6>                      | IOB              | INPUT     | LVCMOS25             |       |          |      |              | PULLUP   |          |
| DATA_IMAGE<7>                      | IOB              | INPUT     | LVCMOS25             |       |          |      |              | PULLUP   |          |
| DATA_IMAGE<8>                      | IOB              | INPUT     | LVCMOS25             |       |          |      |              | PULLUP   |          |
| DATA_IMAGE<9>                      | IOB              | INPUT     | LVCMOS25             |       |          |      |              | PULLUP   |          |
| DQ<0>                              | IOB              | BIDIR     | LVTTL                |       | 12       | SLOW |              |          |          |
| DQ<1>                              | IOB              | BIDIR     | LVTTL                |       | 12       | SLOW |              |          |          |
| DQ<2>                              | IOB              | BIDIR     | LVTTL                |       | 12       | SLOW |              |          |          |
| DQ<3>                              | IOB              | BIDIR     | LVTTL                |       | 12       | SLOW |              |          |          |
| DQ<4>                              | IOB              | BIDIR     | LVTTL                |       | 12       | SLOW |              |          |          |
| DQ<5>                              | IOB              | BIDIR     | LVTTL                |       | 12       | SLOW |              |          |          |
| DQ<6>                              | IOB              | BIDIR     | LVTTL                |       | 12       | SLOW |              |          |          |
| DQ<7>                              | IOB              | BIDIR     | LVTTL                |       | 12       | SLOW |              |          |          |
| DQ<8>                              | IOB              | BIDIR     | LVTTL                |       | 12       | SLOW |              |          |          |
| DQ<9>                              | IOB              | BIDIR     | LVTTL                |       | 12       | SLOW |              |          |          |
| DQ<10>                             | IOB              | BIDIR     | LVTTL                |       | 12       | SLOW |              |          |          |
| DQ<11>                             | IOB              | BIDIR     | LVTTL                |       | 12       | SLOW |              |          |          |
| DQ<12>                             | IOB              | BIDIR     | LVTTL                |       | 12       | SLOW |              |          |          |
| DQ<13>                             | IOB              | BIDIR     | LVTTL                |       | 12       | SLOW |              |          |          |
| DQ<14>                             | IOB              | BIDIR     | LVTTL                |       | 12       | SLOW |              |          |          |
| DQ<15>                             | IOB              | BIDIR     | LVTTL                |       | 12       | SLOW |              |          |          |
| DRAM_CLK                           | IOB              | OUTPUT    | LVTTL                |       | 12       | SLOW | ODDR         |          |          |
| FRAME_VALID                        | IOB              | INPUT     | LVCMOS25             |       |          |      |              | PULLUP   |          |
| INT_TIME1                          | IOB              | OUTPUT    | LVCMOS33             |       | 12       | SLOW |              |          |          |
| LDQM                               | IOB              | OUTPUT    | LVTTL                |       | 12       | SLOW |              |          |          |
| LED_indicate<0>                    | IOB              | OUTPUT    | LVCMOS33             |       | 12       | SLOW | OLATCH       |          |          |
| LED_indicate<1>                    | IOB              | OUTPUT    | LVCMOS33             |       | 12       | SLOW | OLATCH       |          |          |
| LED_indicate<2>                    | IOB              | OUTPUT    | LVCMOS33             |       | 12       | SLOW | OFF          |          |          |
| LED_indicate<3>                    | IOB              | OUTPUT    | LVCMOS33             |       | 12       | SLOW |              |          |          |
| LED_indicate<4>                    | IOB              | OUTPUT    | LVCMOS33             |       | 12       | SLOW |              |          |          |
| LED_indicate<5>                    | IOB              | OUTPUT    | LVCMOS33             |       | 12       | SLOW |              |          |          |
| LED_indicate<6>                    | IOB              | OUTPUT    | LVCMOS33             |       | 12       | SLOW |              |          |          |
| LED_indicate<7>                    | IOB              | OUTPUT    | LVCMOS33             |       | 12       | SLOW |              |          |          |
| LINE_VALID                         | IOB              | INPUT     | LVCMOS25             |       |          |      |              | PULLUP   |          |
| LUPA_CLK                           | IOB              | OUTPUT    | LVCMOS33             |       | 12       | SLOW | ODDR         |          |          |
| LUPA_RST                           | IOB              | OUTPUT    | LVCMOS33             |       | 12       | SLOW |              |          |          |
| RAS_N                              | IOB              | OUTPUT    | LVTTL                |       | 12       | SLOW |              |          |          |
| SA<0>                              | IOB              | OUTPUT    | LVTTL                |       | 12       | SLOW |              |          |          |
| SA<1>                              | IOB              | OUTPUT    | LVTTL                |       | 12       | SLOW |              |          |          |
| SA<2>                              | IOB              | OUTPUT    | LVTTL                |       | 12       | SLOW |              |          |          |
| SA<3>                              | IOB              | OUTPUT    | LVTTL                |       | 12       | SLOW |              |          |          |
| SA<4>                              | IOB              | OUTPUT    | LVTTL                |       | 12       | SLOW |              |          |          |
| SA<5>                              | IOB              | OUTPUT    | LVTTL                |       | 12       | SLOW |              |          |          |
| SA<6>                              | IOB              | OUTPUT    | LVTTL                |       | 12       | SLOW |              |          |          |
| SA<7>                              | IOB              | OUTPUT    | LVTTL                |       | 12       | SLOW |              |          |          |
| SA<8>                              | IOB              | OUTPUT    | LVTTL                |       | 12       | SLOW |              |          |          |
| SA<9>                              | IOB              | OUTPUT    | LVTTL                |       | 12       | SLOW |              |          |          |
| SA<10>                             | IOB              | OUTPUT    | LVTTL                |       | 12       | SLOW |              |          |          |
| SA<11>                             | IOB              | OUTPUT    | LVTTL                |       | 12       | SLOW |              |          |          |
| SA<12>                             | IOB              | OUTPUT    | LVTTL                |       | 12       | SLOW |              |          |          |
| SPI_CLK                            | IOB              | OUTPUT    | LVCMOS33             |       | 12       | SLOW | OLATCH       |          |          |
| SPI_DAT                            | IOB              | OUTPUT    | LVCMOS33             |       | 12       | SLOW | OLATCH       |          |          |
| SPI_EN                             | IOB              | OUTPUT    | LVCMOS33             |       | 12       | SLOW | OLATCH       |          |          |
| TMDS_CLOCK_N                       | IOBS             | OUTPUT    | TMDS_33              |       |          |      |              | PULLUP   |          |
| TMDS_CLOCK_P                       | IOBM             | OUTPUT    | TMDS_33              |       |          |      |              | PULLUP   |          |
| TMDS_NEGTIVE<0>                    | IOBS             | OUTPUT    | TMDS_33              |       |          |      |              | PULLUP   |          |
| TMDS_NEGTIVE<1>                    | IOBS             | OUTPUT    | TMDS_33              |       |          |      |              | PULLUP   |          |
| TMDS_NEGTIVE<2>                    | IOBS             | OUTPUT    | TMDS_33              |       |          |      |              | PULLUP   |          |
| TMDS_POSITIVE<0>                   | IOBM             | OUTPUT    | TMDS_33              |       |          |      |              | PULLUP   |          |
| TMDS_POSITIVE<1>                   | IOBM             | OUTPUT    | TMDS_33              |       |          |      |              | PULLUP   |          |
| TMDS_POSITIVE<2>                   | IOBM             | OUTPUT    | TMDS_33              |       |          |      |              | PULLUP   |          |
| UDQM                               | IOB              | OUTPUT    | LVTTL                |       | 12       | SLOW |              |          |          |
| WE_N                               | IOB              | OUTPUT    | LVTTL                |       | 12       | SLOW |              |          |          |
+---------------------------------------------------------------------------------------------------------------------------------------------------------+

Section 7 - RPMs
----------------

Section 8 - Guide Report
------------------------
Guide not run on this design.

Section 9 - Area Group and Partition Summary
--------------------------------------------

Partition Implementation Status
-------------------------------

  No Partitions were found in this design.

-------------------------------

Area Group Information
----------------------

  No area groups were found in this design.

----------------------

Section 10 - Timing Report
--------------------------
A logic-level (pre-route) timing report can be generated by using Xilinx static
timing analysis tools, Timing Analyzer (GUI) or TRCE (command line), with the
mapped NCD and PCF files. Please note that this timing report will be generated
using estimated delay information. For accurate numbers, please generate a
timing report with the post Place and Route NCD file.

For more information about the Timing Analyzer, consult the Xilinx Timing
Analyzer Reference Manual; for more information about TRCE, consult the Xilinx
Command Line Tools User Guide "TRACE" chapter.

Section 11 - Configuration String Details
-----------------------------------------
Use the "-detail" map option to print out Configuration Strings

Section 12 - Control Set Information
------------------------------------
Use the "-detail" map option to print out Control Set Information.

Section 13 - Utilization by Hierarchy
-------------------------------------
Use the "-detail" map option to print out the Utilization by Hierarchy section.
